{"/Users/viniciusvd/Desktop/development/ISH/testes/prototype-naive-ui/jest.config.js": {"path":"/Users/viniciusvd/Desktop/development/ISH/testes/prototype-naive-ui/jest.config.js","statementMap":{"0":{"start":{"line":1,"column":0},"end":{"line":14,"column":1}}},"fnMap":{},"branchMap":{},"s":{"0":0},"f":{},"b":{},"hash":"4f38969dd3bcf99ed2616a1d6f308128d80b2cbf"}
,"/Users/viniciusvd/Desktop/development/ISH/testes/prototype-naive-ui/tailwind.config.js": {"path":"/Users/viniciusvd/Desktop/development/ISH/testes/prototype-naive-ui/tailwind.config.js","statementMap":{"0":{"start":{"line":1,"column":0},"end":{"line":10,"column":1}}},"fnMap":{},"branchMap":{},"s":{"0":0},"f":{},"b":{},"hash":"64eb7ff1f16419df0c8f62255265acaa4ddaccf3"}
}
